<?xml version="1.0" encoding="UTF-8"?>
<!-- Generated by org.testng.reporters.JUnitXMLReporter -->
<testsuite ignored="0" hostname="LAPTOP-OLBSJDJU" failures="0" tests="2" name="SauceDemo Tests - Chromium" time="17.796" errors="0" timestamp="2025-07-23T15:20:29 IST">
  <testcase classname="io.cucumber.testng.AbstractTestNGCucumberTests" name="runScenario" time="7.008"/>
  <testcase classname="io.cucumber.testng.AbstractTestNGCucumberTests" name="runScenario" time="7.932"/>
</testsuite> <!-- SauceDemo Tests - Chromium -->
